Determining if the pthread_create exist failed with the following output:
Change Dir: /home/anp/Arcade-Learning-Environment/CMakeFiles/CMakeTmp

Run Build Command:/usr/bin/make "cmTryCompileExec3708095665/fast"
/usr/bin/make -f CMakeFiles/cmTryCompileExec3708095665.dir/build.make CMakeFiles/cmTryCompileExec3708095665.dir/build
make[1]: Entering directory `/home/anp/Arcade-Learning-Environment/CMakeFiles/CMakeTmp'
/usr/bin/cmake -E cmake_progress_report /home/anp/Arcade-Learning-Environment/CMakeFiles/CMakeTmp/CMakeFiles 1
Building C object CMakeFiles/cmTryCompileExec3708095665.dir/CheckSymbolExists.c.o
/usr/bin/cc    -o CMakeFiles/cmTryCompileExec3708095665.dir/CheckSymbolExists.c.o   -c /home/anp/Arcade-Learning-Environment/CMakeFiles/CMakeTmp/CheckSymbolExists.c
Linking C executable cmTryCompileExec3708095665
/usr/bin/cmake -E cmake_link_script CMakeFiles/cmTryCompileExec3708095665.dir/link.txt --verbose=1
/usr/bin/cc       CMakeFiles/cmTryCompileExec3708095665.dir/CheckSymbolExists.c.o  -o cmTryCompileExec3708095665 -rdynamic 
CMakeFiles/cmTryCompileExec3708095665.dir/CheckSymbolExists.c.o: In function `main':
CheckSymbolExists.c:(.text+0x16): undefined reference to `pthread_create'
collect2: error: ld returned 1 exit status
make[1]: Leaving directory `/home/anp/Arcade-Learning-Environment/CMakeFiles/CMakeTmp'
make[1]: *** [cmTryCompileExec3708095665] Error 1
make: *** [cmTryCompileExec3708095665/fast] Error 2

File /home/anp/Arcade-Learning-Environment/CMakeFiles/CMakeTmp/CheckSymbolExists.c:
/* */
#include <pthread.h>

int main(int argc, char** argv)
{
  (void)argv;
#ifndef pthread_create
  return ((int*)(&pthread_create))[argc];
#else
  (void)argc;
  return 0;
#endif
}

Determining if the function pthread_create exists in the pthreads failed with the following output:
Change Dir: /home/anp/Arcade-Learning-Environment/CMakeFiles/CMakeTmp

Run Build Command:/usr/bin/make "cmTryCompileExec2596653595/fast"
/usr/bin/make -f CMakeFiles/cmTryCompileExec2596653595.dir/build.make CMakeFiles/cmTryCompileExec2596653595.dir/build
make[1]: Entering directory `/home/anp/Arcade-Learning-Environment/CMakeFiles/CMakeTmp'
/usr/bin/cmake -E cmake_progress_report /home/anp/Arcade-Learning-Environment/CMakeFiles/CMakeTmp/CMakeFiles 1
Building C object CMakeFiles/cmTryCompileExec2596653595.dir/CheckFunctionExists.c.o
/usr/bin/cc   -DCHECK_FUNCTION_EXISTS=pthread_create   -o CMakeFiles/cmTryCompileExec2596653595.dir/CheckFunctionExists.c.o   -c /usr/share/cmake-2.8/Modules/CheckFunctionExists.c
Linking C executable cmTryCompileExec2596653595
/usr/bin/cmake -E cmake_link_script CMakeFiles/cmTryCompileExec2596653595.dir/link.txt --verbose=1
/usr/bin/cc   -DCHECK_FUNCTION_EXISTS=pthread_create    CMakeFiles/cmTryCompileExec2596653595.dir/CheckFunctionExists.c.o  -o cmTryCompileExec2596653595 -rdynamic -lpthreads 
/usr/bin/ld: cannot find -lpthreads
collect2: error: ld returned 1 exit status
make[1]: Leaving directory `/home/anp/Arcade-Learning-Environment/CMakeFiles/CMakeTmp'
make[1]: *** [cmTryCompileExec2596653595] Error 1
make: *** [cmTryCompileExec2596653595/fast] Error 2


